<?xml version="1.0" encoding="UTF-8"?>
<!-- Generated by org.testng.reporters.JUnitReportReporter -->
<testsuite hostname="DESKTOP-PKG19R7" failures="0" tests="4" name="api.CreateListOfUsersApiTest_Post" time="6.679" errors="0" timestamp="2021-10-18T02:53:13 EET" skipped="0">
  <testcase classname="api.CreateListOfUsersApiTest_Post" name="createListofUsers" time="4.009"/>
  <system-out/>
  <testcase classname="api.CreateListOfUsersApiTest_Post" name="createListofUsers" time="0.867"/>
  <system-out/>
  <testcase classname="api.CreateListOfUsersApiTest_Post" name="createListofUsers" time="0.927"/>
  <system-out/>
  <testcase classname="api.CreateListOfUsersApiTest_Post" name="createListofUsers" time="0.876"/>
  <system-out/>
</testsuite> <!-- api.CreateListOfUsersApiTest_Post -->
