<?xml version="1.0" encoding="UTF-8"?>
<!-- Generated by org.testng.reporters.JUnitReportReporter -->
<testsuite hostname="DESKTOP-PKG19R7" failures="0" tests="3" name="api.CreatUserByLoggedInUserApiTest_Post" time="4.682" errors="0" timestamp="2021-10-18T17:36:39 EET" skipped="0">
  <testcase classname="api.CreatUserByLoggedInUserApiTest_Post" name="UserCanLogin" time="2.784"/>
  <system-out/>
  <testcase classname="api.CreatUserByLoggedInUserApiTest_Post" name="CreatUser" time="0.889"/>
  <system-out/>
  <testcase classname="api.CreatUserByLoggedInUserApiTest_Post" name="UserCanLogout" time="1.009"/>
  <system-out/>
</testsuite> <!-- api.CreatUserByLoggedInUserApiTest_Post -->
