<?xml version="1.0" encoding="UTF-8"?>
<!-- Generated by org.testng.reporters.JUnitReportReporter -->
<testsuite hostname="DESKTOP-PKG19R7" failures="0" tests="2" name="api.UserLoginApiTest_Get" time="1.791" errors="0" timestamp="2021-10-18T02:53:13 EET" skipped="0">
  <testcase classname="api.UserLoginApiTest_Get" name="UserCanLogin" time="0.873"/>
  <system-out/>
  <testcase classname="api.UserLoginApiTest_Get" name="UserCanLogout" time="0.918"/>
  <system-out/>
</testsuite> <!-- api.UserLoginApiTest_Get -->
