<?xml version="1.0" encoding="UTF-8"?>
<!-- Generated by org.testng.reporters.JUnitReportReporter -->
<testsuite hostname="DESKTOP-PKG19R7" failures="0" tests="1" name="api.GetUserByUsernameApiTest_Get" time="0.843" errors="0" timestamp="2021-10-18T02:53:13 EET" skipped="0">
  <testcase classname="api.GetUserByUsernameApiTest_Get" name="getUserbyUsername" time="0.843"/>
  <system-out/>
</testsuite> <!-- api.GetUserByUsernameApiTest_Get -->
