<?xml version="1.0" encoding="UTF-8"?>
<!-- Generated by org.testng.reporters.JUnitReportReporter -->
<testsuite hostname="DESKTOP-PKG19R7" failures="0" tests="3" name="api.UpdateUserApi_Put" time="2.684" errors="0" timestamp="2021-10-18T02:53:13 EET" skipped="0">
  <testcase classname="api.UpdateUserApi_Put" name="UserCanLogin" time="0.893"/>
  <system-out/>
  <testcase classname="api.UpdateUserApi_Put" name="UpdateUser" time="0.894"/>
  <system-out/>
  <testcase classname="api.UpdateUserApi_Put" name="UserCanLogout" time="0.897"/>
  <system-out/>
</testsuite> <!-- api.UpdateUserApi_Put -->
