<?xml version="1.0" encoding="UTF-8"?>
<!-- Generated by org.testng.reporters.JUnitReportReporter -->
<testsuite hostname="DESKTOP-PKG19R7" failures="0" tests="3" name="api.DeleteUserApiTest_Delete" time="2.643" errors="0" timestamp="2021-10-18T02:53:13 EET" skipped="0">
  <testcase classname="api.DeleteUserApiTest_Delete" name="UserCanLogin" time="0.858"/>
  <system-out/>
  <testcase classname="api.DeleteUserApiTest_Delete" name="DeleteUser" time="0.873"/>
  <system-out/>
  <testcase classname="api.DeleteUserApiTest_Delete" name="UserCanLogout" time="0.912"/>
  <system-out/>
</testsuite> <!-- api.DeleteUserApiTest_Delete -->
