<?xml version="1.0" encoding="UTF-8"?>
<!-- Generated by org.testng.reporters.JUnitReportReporter -->
<testsuite hostname="DESKTOP-PKG19R7" failures="0" tests="3" name="api.CreatUserByLoggedInUserApiTest_Post" time="3.568" errors="0" timestamp="2021-10-18T02:53:13 EET" skipped="0">
  <testcase classname="api.CreatUserByLoggedInUserApiTest_Post" name="UserCanLogin" time="1.799"/>
  <system-out/>
  <testcase classname="api.CreatUserByLoggedInUserApiTest_Post" name="CreatUser" time="0.873"/>
  <system-out/>
  <testcase classname="api.CreatUserByLoggedInUserApiTest_Post" name="UserCanLogout" time="0.896"/>
  <system-out/>
</testsuite> <!-- api.CreatUserByLoggedInUserApiTest_Post -->
