<?xml version="1.0" encoding="UTF-8"?>
<!-- Generated by org.testng.reporters.JUnitReportReporter -->
<testsuite hostname="DESKTOP-PKG19R7" failures="0" tests="4" name="api.CreateListOfUsersApiTest_Post" time="7.725" errors="0" timestamp="2021-10-18T17:36:39 EET" skipped="0">
  <testcase classname="api.CreateListOfUsersApiTest_Post" name="createListofUsers" time="0.864"/>
  <system-out/>
  <testcase classname="api.CreateListOfUsersApiTest_Post" name="createListofUsers" time="0.936"/>
  <system-out/>
  <testcase classname="api.CreateListOfUsersApiTest_Post" name="createListofUsers" time="0.855"/>
  <system-out/>
  <testcase classname="api.CreateListOfUsersApiTest_Post" name="createListofUsers" time="5.070"/>
  <system-out/>
</testsuite> <!-- api.CreateListOfUsersApiTest_Post -->
