<?xml version="1.0" encoding="UTF-8"?>
<!-- Generated by org.testng.reporters.JUnitReportReporter -->
<testsuite hostname="DESKTOP-PKG19R7" failures="0" tests="2" name="api.UserLoginApiTest_Get" time="1.833" errors="0" timestamp="2021-10-18T17:36:39 EET" skipped="0">
  <testcase classname="api.UserLoginApiTest_Get" name="UserCanLogin" time="0.871"/>
  <system-out/>
  <testcase classname="api.UserLoginApiTest_Get" name="UserCanLogout" time="0.962"/>
  <system-out/>
</testsuite> <!-- api.UserLoginApiTest_Get -->
